<?xml version="1.0" encoding="UTF-8"?>
<!-- Generated by org.testng.reporters.JUnitReportReporter -->
<testsuite hostname="DESKTOP-AJGR3VI" failures="0" tests="6" name="testCases.TC003_LoginDDT" time="91.669" errors="0" timestamp="2025-02-07T09:33:41 IST" skipped="0">
  <testcase classname="testCases.TC003_LoginDDT" name="verify_loginDDT" time="21.713"/>
  <testcase classname="testCases.TC003_LoginDDT" name="verify_loginDDT" time="21.704"/>
  <testcase classname="testCases.TC003_LoginDDT" name="verify_loginDDT" time="2.396"/>
  <testcase classname="testCases.TC003_LoginDDT" name="verify_loginDDT" time="21.602"/>
  <testcase classname="testCases.TC003_LoginDDT" name="verify_loginDDT" time="2.540"/>
  <testcase classname="testCases.TC003_LoginDDT" name="verify_loginDDT" time="21.714"/>
</testsuite> <!-- testCases.TC003_LoginDDT -->
