<?xml version="1.0" encoding="UTF-8"?>
<!-- Generated by org.testng.reporters.JUnitReportReporter -->
<testsuite hostname="DESKTOP-AJGR3VI" failures="0" tests="1" name="testCases.TC002_Logintest" time="2.918" errors="0" timestamp="2025-02-08T11:06:24 IST" skipped="0">
  <testcase classname="testCases.TC002_Logintest" name="verifylogin" time="2.918"/>
</testsuite> <!-- testCases.TC002_Logintest -->
